1772184529855	geckodriver	INFO	Listening on 127.0.0.1:52057
1772184532937	mozrunner::runner	INFO	Running command: "C:\\Program Files\\Mozilla Firefox\\firefox.exe" "--marionette" "--remote-debugging-port" "52058" "--remote-allow-hosts" "localhost" "-no-remote" "-profile" "C:\\Users\\MESZAR~1\\AppData\\Local\\Temp\\rust_mozprofilendnARw"
console.warn: services.settings: Ignoring preference override of remote settings server
console.warn: services.settings: Allow by setting MOZ_REMOTE_SETTINGS_DEVTOOLS=1 in the environment
Dynamically enable window occlusion 0
1772184533181	Marionette	INFO	Marionette enabled
1772184533257	Marionette	INFO	Listening on port 52073
WebDriver BiDi listening on ws://127.0.0.1:52058
Read port: 52073
1772184533423	RemoteAgent	WARN	TLS certificate errors will be ignored for this session
console.warn: LoginRecipes: "Falling back to a synchronous message for: https://www.saucedemo.com."
console.warn: LoginRecipes: "Falling back to a synchronous message for: https://www.saucedemo.com."
JavaScript error: moz-src:///browser/components/search/SearchOneOffs.sys.mjs, line 392: TypeError: aEngine.getIconURL is not a function
JavaScript error: resource://gre/actors/SelectChild.sys.mjs, line 93: TypeError: can't access property "openInParentProcess", this.element is null
JavaScript warning: https://www.saucedemo.com/static/js/main.bcf4bc5f.js, line 2: Script terminated by timeout at:
get@https://www.saucedemo.com/static/js/main.bcf4bc5f.js:2:507285
89083/r/936/t/7429/value/<@https://www.saucedemo.com/static/js/main.bcf4bc5f.js:2:440891

JavaScript error: resource:///modules/sessionstore/SessionStore.sys.mjs, line 2887: NotFoundError: No such JSProcessActor 'DevToolsProcess'
JavaScript error: resource:///modules/sessionstore/SessionStore.sys.mjs, line 2887: NotFoundError: No such JSProcessActor 'DevToolsProcess'
JavaScript error: resource:///modules/sessionstore/SessionStore.sys.mjs, line 2887: NotFoundError: No such JSProcessActor 'DevToolsProcess'
1772184848173	Marionette	INFO	Stopped listening on port 52073
Dynamically enable window occlusion 1
console.warn: TopSitesFeed: Failed to fetch data from MARS server: NetworkError when attempting to fetch resource.
console.error: "Error in worker resource://devtools/client/shared/source-map-loader/worker.js" ": "
